<?xml version="1.0" encoding="UTF-8"?>
<testsuite name="Playwright_framework_POM"
           tests="1"
           failures="1"
           errors="0"
           skipped="0"
           time="39.590">
    <properties></properties>

            <testcase
                name="autoScroll"
                time="39.590"
                classname="compare.AutoScrollToFindLocator">

            <failure type="com.microsoft.playwright.TimeoutError" message="Error {
  message=&apos;Timeout 30000ms exceeded.
=========================== logs ===========================
waiting for getByLabel(&quot;Select a School&quot;, new Page.GetByLabelOptions().setExact(true))
  locator resolved to &lt;input type=&quot;text&quot; role=&quot;button&quot; id=&quot;s2id_autogen20&quot; ar…/&gt;
attempting click action
  waiting for element to be visible, enabled and stable
  element is visible, enabled and stable
  scrolling into view if needed
  done scrolling
  &lt;a tabindex=&quot;-1&quot; href=&quot;javascript:void(0)&quot; class=&quot;s…&gt;…&lt;/a&gt; intercepts pointer events
retrying click action, attempt #1
  waiting for element to be visible, enabled and stable
  element is visible, enabled and stable
  scrolling into view if needed
  done scrolling
  element is outside of the viewport
retrying click action, attempt #2
  waiting 20ms
  waiting for element to be visible, enabled and stable
  element is visible, enabled and stable
  scrolling into view if needed
  done scrolling
  &lt;a tabindex=&quot;-1&quot; href=&quot;javascript:void(0)&quot; class=&quot;s…&gt;…&lt;/a&gt; intercepts pointer events
retrying click action, attempt #3
  waiting 100ms
  waiting for element to be visible, enabled and stable
  element is visible, enabled and stable
  scrolling into view if needed
  done scrolling
  &lt;a tabindex=&quot;-1&quot; href=&quot;javascript:void(0)&quot; class=&quot;s…&gt;…&lt;/a&gt; intercepts pointer events
retrying click action, attempt #4
  waiting 100ms
  waiting for element to be visible, enabled and stable
  element is visible, enabled and stable
  scrolling into view if needed
  done scrolling
  &lt;a tabindex=&quot;-1&quot; href=&quot;javascript:void(0)&quot; class=&quot;s…&gt;…&lt;/a&gt; intercepts pointer events
retrying click action, attempt #5
  waiting 500ms
  waiting for element to be visible, enabled and stable
  element is visible, enabled and stable
  scrolling into view if needed
  done scrolling
  element is outside of the viewport
retrying click action, attempt #6
  waiting 500ms
  waiting for element to be visible, enabled and stable
  element is visible, enabled and stable
  scrolling into view if needed
  done scrolling
  &lt;a tabindex=&quot;-1&quot; href=&quot;javascript:void(0)&quot; class=&quot;s…&gt;…&lt;/a&gt; intercepts pointer events
retrying click action, attempt #7
  waiting 500ms
  waiting for element to be visible, enabled and stable
  element is visible, enabled and stable
  scrolling into view if needed
  done scrolling
  &lt;a tabindex=&quot;-1&quot; href=&quot;javascript:void(0)&quot; class=&quot;s…&gt;…&lt;/a&gt; intercepts pointer events
retrying click action, attempt #8
  waiting 500ms
  waiting for element to be visible, enabled and stable
  element is visible, enabled and stable
  scrolling into view if needed
  done scrolling
  &lt;a tabindex=&quot;-1&quot; href=&quot;javascript:void(0)&quot; class=&quot;s…&gt;…&lt;/a&gt; intercepts pointer events
retrying click action, attempt #9
  waiting 500ms
  waiting for element to be visible, enabled and stable
  element is visible, enabled and stable
  scrolling into view if needed
  done scrolling
  element is outside of the viewport
retrying click action, attempt #10
  waiting 500ms
  waiting for element to be visible, enabled and stable
  element is visible, enabled and stable
  scrolling into view if needed
  done scrolling
  &lt;a tabindex=&quot;-1&quot; href=&quot;javascript:void(0)&quot; class=&quot;s…&gt;…&lt;/a&gt; intercepts pointer events
retrying click action, attempt #11
  waiting 500ms
  waiting for element to be visible, enabled and stable
  element is visible, enabled and stable
  scrolling into view if needed
  done scrolling
  &lt;a tabindex=&quot;-1&quot; href=&quot;javascript:void(0)&quot; class=&quot;s…&gt;…&lt;/a&gt; intercepts pointer events
retrying click action, attempt #12
  waiting 500ms
  waiting for element to be visible, enabled and stable
  element is visible, enabled and stable
  scrolling into view if needed
  done scrolling
  &lt;a tabindex=&quot;-1&quot; href=&quot;javascript:void(0)&quot; class=&quot;s…&gt;…&lt;/a&gt; intercepts pointer events
retrying click action, attempt #13
  waiting 500ms
  waiting for element to be visible, enabled and stable
  element is visible, enabled and stable
  scrolling into view if needed
  done scrolling
  element is outside of the viewport
retrying click action, attempt #14
  waiting 500ms
  waiting for element to be visible, enabled and stable
  element is visible, enabled and stable
  scrolling into view if needed
  done scrolling
  &lt;a tabindex=&quot;-1&quot; href=&quot;javascript:void(0)&quot; class=&quot;s…&gt;…&lt;/a&gt; intercepts pointer events
retrying click action, attempt #15
  waiting 500ms
  waiting for element to be visible, enabled and stable
  element is visible, enabled and stable
  scrolling into view if needed
  done scrolling
  &lt;a tabindex=&quot;-1&quot; href=&quot;javascript:void(0)&quot; class=&quot;s…&gt;…&lt;/a&gt; intercepts pointer events
retrying click action, attempt #16
  waiting 500ms
  waiting for element to be visible, enabled and stable
  element is visible, enabled and stable
  scrolling into view if needed
  done scrolling
  &lt;a tabindex=&quot;-1&quot; href=&quot;javascript:void(0)&quot; class=&quot;s…&gt;…&lt;/a&gt; intercepts pointer events
retrying click action, attempt #17
  waiting 500ms
  waiting for element to be visible, enabled and stable
  element is visible, enabled and stable
  scrolling into view if needed
  done scrolling
  element is outside of the viewport
retrying click action, attempt #18
  waiting 500ms
  waiting for element to be visible, enabled and stable
  element is visible, enabled and stable
  scrolling into view if needed
  done scrolling
  &lt;a tabindex=&quot;-1&quot; href=&quot;javascript:void(0)&quot; class=&quot;s…&gt;…&lt;/a&gt; intercepts pointer events
retrying click action, attempt #19
  waiting 500ms
  waiting for element to be visible, enabled and stable
  element is visible, enabled and stable
  scrolling into view if needed
  done scrolling
  &lt;a tabindex=&quot;-1&quot; href=&quot;javascript:void(0)&quot; class=&quot;s…&gt;…&lt;/a&gt; intercepts pointer events
retrying click action, attempt #20
  waiting 500ms
  waiting for element to be visible, enabled and stable
  element is visible, enabled and stable
  scrolling into view if needed
  done scrolling
  &lt;a tabindex=&quot;-1&quot; href=&quot;javascript:void(0)&quot; class=&quot;s…&gt;…&lt;/a&gt; intercepts pointer events
retrying click action, attempt #21
  waiting 500ms
  waiting for element to be visible, enabled and stable
  element is visible, enabled and stable
  scrolling into view if needed
  done scrolling
  element is outside of the viewport
retrying click action, attempt #22
  waiting 500ms
  waiting for element to be visible, enabled and stable
  element is visible, enabled and stable
  scrolling into view if needed
  done scrolling
  &lt;a tabindex=&quot;-1&quot; href=&quot;javascript:void(0)&quot; class=&quot;s…&gt;…&lt;/a&gt; intercepts pointer events
retrying click action, attempt #23
  waiting 500ms
  waiting for element to be visible, enabled and stable
  element is visible, enabled and stable
  scrolling into view if needed
  done scrolling
  &lt;a tabindex=&quot;-1&quot; href=&quot;javascript:void(0)&quot; class=&quot;s…&gt;…&lt;/a&gt; intercepts pointer events
retrying click action, attempt #24
  waiting 500ms
  waiting for element to be visible, enabled and stable
  element is visible, enabled and stable
  scrolling into view if needed
  done scrolling
  &lt;a tabindex=&quot;-1&quot; href=&quot;javascript:void(0)&quot; class=&quot;s…&gt;…&lt;/a&gt; intercepts pointer events
retrying click action, attempt #25
  waiting 500ms
  waiting for element to be visible, enabled and stable
  element is visible, enabled and stable
  scrolling into view if needed
  done scrolling
  element is outside of the viewport
retrying click action, attempt #26
  waiting 500ms
  waiting for element to be visible, enabled and stable
  element is visible, enabled and stable
  scrolling into view if needed
  done scrolling
  &lt;a tabindex=&quot;-1&quot; href=&quot;javascript:void(0)&quot; class=&quot;s…&gt;…&lt;/a&gt; intercepts pointer events
retrying click action, attempt #27
  waiting 500ms
  waiting for element to be visible, enabled and stable
  element is visible, enabled and stable
  scrolling into view if needed
  done scrolling
  &lt;a tabindex=&quot;-1&quot; href=&quot;javascript:void(0)&quot; class=&quot;s…&gt;…&lt;/a&gt; intercepts pointer events
retrying click action, attempt #28
  waiting 500ms
  waiting for element to be visible, enabled and stable
  element is visible, enabled and stable
  scrolling into view if needed
  done scrolling
  &lt;a tabindex=&quot;-1&quot; href=&quot;javascript:void(0)&quot; class=&quot;s…&gt;…&lt;/a&gt; intercepts pointer events
retrying click action, attempt #29
  waiting 500ms
  waiting for element to be visible, enabled and stable
  element is visible, enabled and stable
  scrolling into view if needed
  done scrolling
  element is outside of the viewport
retrying click action, attempt #30
  waiting 500ms
  waiting for element to be visible, enabled and stable
  element is visible, enabled and stable
  scrolling into view if needed
  done scrolling
  &lt;a tabindex=&quot;-1&quot; href=&quot;javascript:void(0)&quot; class=&quot;s…&gt;…&lt;/a&gt; intercepts pointer events
retrying click action, attempt #31
  waiting 500ms
  waiting for element to be visible, enabled and stable
  element is visible, enabled and stable
  scrolling into view if needed
  done scrolling
  &lt;a tabindex=&quot;-1&quot; href=&quot;javascript:void(0)&quot; class=&quot;s…&gt;…&lt;/a&gt; intercepts pointer events
retrying click action, attempt #32
  waiting 500ms
  waiting for element to be visible, enabled and stable
  element is visible, enabled and stable
  scrolling into view if needed
  done scrolling
  &lt;a tabindex=&quot;-1&quot; href=&quot;javascript:void(0)&quot; class=&quot;s…&gt;…&lt;/a&gt; intercepts pointer events
retrying click action, attempt #33
  waiting 500ms
  waiting for element to be visible, enabled and stable
  element is visible, enabled and stable
  scrolling into view if needed
  done scrolling
  element is outside of the viewport
retrying click action, attempt #34
  waiting 500ms
  waiting for element to be visible, enabled and stable
  element is visible, enabled and stable
  scrolling into view if needed
  done scrolling
  &lt;a tabindex=&quot;-1&quot; href=&quot;javascript:void(0)&quot; class=&quot;s…&gt;…&lt;/a&gt; intercepts pointer events
retrying click action, attempt #35
  waiting 500ms
  waiting for element to be visible, enabled and stable
  element is visible, enabled and stable
  scrolling into view if needed
  done scrolling
  &lt;a tabindex=&quot;-1&quot; href=&quot;javascript:void(0)&quot; class=&quot;s…&gt;…&lt;/a&gt; intercepts pointer events
retrying click action, attempt #36
  waiting 500ms
  waiting for element to be visible, enabled and stable
  element is visible, enabled and stable
  scrolling into view if needed
  done scrolling
  &lt;a tabindex=&quot;-1&quot; href=&quot;javascript:void(0)&quot; class=&quot;s…&gt;…&lt;/a&gt; intercepts pointer events
retrying click action, attempt #37
  waiting 500ms
  waiting for element to be visible, enabled and stable
  element is visible, enabled and stable
  scrolling into view if needed
  done scrolling
  element is outside of the viewport
retrying click action, attempt #38
  waiting 500ms
  waiting for element to be visible, enabled and stable
  element is visible, enabled and stable
  scrolling into view if needed
  done scrolling
  &lt;a tabindex=&quot;-1&quot; href=&quot;javascript:void(0)&quot; class=&quot;s…&gt;…&lt;/a&gt; intercepts pointer events
retrying click action, attempt #39
  waiting 500ms
  waiting for element to be visible, enabled and stable
  element is visible, enabled and stable
  scrolling into view if needed
  done scrolling
  &lt;a tabindex=&quot;-1&quot; href=&quot;javascript:void(0)&quot; class=&quot;s…&gt;…&lt;/a&gt; intercepts pointer events
retrying click action, attempt #40
  waiting 500ms
  waiting for element to be visible, enabled and stable
  element is visible, enabled and stable
  scrolling into view if needed
  done scrolling
  &lt;a tabindex=&quot;-1&quot; href=&quot;javascript:void(0)&quot; class=&quot;s…&gt;…&lt;/a&gt; intercepts pointer events
retrying click action, attempt #41
  waiting 500ms
  waiting for element to be visible, enabled and stable
  element is visible, enabled and stable
  scrolling into view if needed
  done scrolling
  element is outside of the viewport
retrying click action, attempt #42
  waiting 500ms
  waiting for element to be visible, enabled and stable
  element is visible, enabled and stable
  scrolling into view if needed
  done scrolling
  &lt;a tabindex=&quot;-1&quot; href=&quot;javascript:void(0)&quot; class=&quot;s…&gt;…&lt;/a&gt; intercepts pointer events
retrying click action, attempt #43
  waiting 500ms
  waiting for element to be visible, enabled and stable
  element is visible, enabled and stable
  scrolling into view if needed
  done scrolling
  &lt;a tabindex=&quot;-1&quot; href=&quot;javascript:void(0)&quot; class=&quot;s…&gt;…&lt;/a&gt; intercepts pointer events
retrying click action, attempt #44
  waiting 500ms
  waiting for element to be visible, enabled and stable
  element is visible, enabled and stable
  scrolling into view if needed
  done scrolling
  &lt;a tabindex=&quot;-1&quot; href=&quot;javascript:void(0)&quot; class=&quot;s…&gt;…&lt;/a&gt; intercepts pointer events
retrying click action, attempt #45
  waiting 500ms
  waiting for element to be visible, enabled and stable
  element is visible, enabled and stable
  scrolling into view if needed
  done scrolling
  element is outside of the viewport
retrying click action, attempt #46
  waiting 500ms
  waiting for element to be visible, enabled and stable
  element is visible, enabled and stable
  scrolling into view if needed
  done scrolling
  &lt;a tabindex=&quot;-1&quot; href=&quot;javascript:void(0)&quot; class=&quot;s…&gt;…&lt;/a&gt; intercepts pointer events
retrying click action, attempt #47
  waiting 500ms
  waiting for element to be visible, enabled and stable
  element is visible, enabled and stable
  scrolling into view if needed
  done scrolling
  &lt;a tabindex=&quot;-1&quot; href=&quot;javascript:void(0)&quot; class=&quot;s…&gt;…&lt;/a&gt; intercepts pointer events
retrying click action, attempt #48
  waiting 500ms
  waiting for element to be visible, enabled and stable
  element is visible, enabled and stable
  scrolling into view if needed
  done scrolling
  &lt;a tabindex=&quot;-1&quot; href=&quot;javascript:void(0)&quot; class=&quot;s…&gt;…&lt;/a&gt; intercepts pointer events
retrying click action, attempt #49
  waiting 500ms
  waiting for element to be visible, enabled and stable
  element is visible, enabled and stable
  scrolling into view if needed
  done scrolling
  element is outside of the viewport
retrying click action, attempt #50
  waiting 500ms
  waiting for element to be visible, enabled and stable
  element is visible, enabled and stable
  scrolling into view if needed
  done scrolling
  &lt;a tabindex=&quot;-1&quot; href=&quot;javascript:void(0)&quot; class=&quot;s…&gt;…&lt;/a&gt; intercepts pointer events
retrying click action, attempt #51
  waiting 500ms
  waiting for element to be visible, enabled and stable
  element is visible, enabled and stable
  scrolling into view if needed
  done scrolling
  &lt;a tabindex=&quot;-1&quot; href=&quot;javascript:void(0)&quot; class=&quot;s…&gt;…&lt;/a&gt; intercepts pointer events
retrying click action, attempt #52
  waiting 500ms
  waiting for element to be visible, enabled and stable
  element is visible, enabled and stable
  scrolling into view if needed
  done scrolling
  &lt;a tabindex=&quot;-1&quot; href=&quot;javascript:void(0)&quot; class=&quot;s…&gt;…&lt;/a&gt; intercepts pointer events
retrying click action, attempt #53
  waiting 500ms
  waiting for element to be visible, enabled and stable
  element is visible, enabled and stable
  scrolling into view if needed
  done scrolling
  element is outside of the viewport
retrying click action, attempt #54
  waiting 500ms
  waiting for element to be visible, enabled and stable
  element is visible, enabled and stable
  scrolling into view if needed
  done scrolling
  &lt;a tabindex=&quot;-1&quot; href=&quot;javascript:void(0)&quot; class=&quot;s…&gt;…&lt;/a&gt; intercepts pointer events
retrying click action, attempt #55
  waiting 500ms
  waiting for element to be visible, enabled and stable
  element is visible, enabled and stable
  scrolling into view if needed
  done scrolling
  &lt;a tabindex=&quot;-1&quot; href=&quot;javascript:void(0)&quot; class=&quot;s…&gt;…&lt;/a&gt; intercepts pointer events
retrying click action, attempt #56
  waiting 500ms
  waiting for element to be visible, enabled and stable
  element is visible, enabled and stable
  scrolling into view if needed
  done scrolling
  &lt;a tabindex=&quot;-1&quot; href=&quot;javascript:void(0)&quot; class=&quot;s…&gt;…&lt;/a&gt; intercepts pointer events
retrying click action, attempt #57
  waiting 500ms
  waiting for element to be visible, enabled and stable
  element is visible, enabled and stable
  scrolling into view if needed
  done scrolling
  element is outside of the viewport
retrying click action, attempt #58
  waiting 500ms
  waiting for element to be visible, enabled and stable
  element is visible, enabled and stable
  scrolling into view if needed
  done scrolling
  &lt;a tabindex=&quot;-1&quot; href=&quot;javascript:void(0)&quot; class=&quot;s…&gt;…&lt;/a&gt; intercepts pointer events
retrying click action, attempt #59
  waiting 500ms
  waiting for element to be visible, enabled and stable
  element is visible, enabled and stable
  scrolling into view if needed
  done scrolling
  &lt;a tabindex=&quot;-1&quot; href=&quot;javascript:void(0)&quot; class=&quot;s…&gt;…&lt;/a&gt; intercepts pointer events
retrying click action, attempt #60
  waiting 500ms
  waiting for element to be visible, enabled and stable
  element is visible, enabled and stable
  scrolling into view if needed
  done scrolling
  &lt;a tabindex=&quot;-1&quot; href=&quot;javascript:void(0)&quot; class=&quot;s…&gt;…&lt;/a&gt; intercepts pointer events
retrying click action, attempt #61
  waiting 500ms
============================================================
  name=&apos;TimeoutError
  stack=&apos;TimeoutError: Timeout 30000ms exceeded.
=========================== logs ===========================
waiting for getByLabel(&quot;Select a School&quot;, new Page.GetByLabelOptions().setExact(true))
  locator resolved to &lt;input type=&quot;text&quot; role=&quot;button&quot; id=&quot;s2id_autogen20&quot; ar…/&gt;
attempting click action
  waiting for element to be visible, enabled and stable
  element is visible, enabled and stable
  scrolling into view if needed
  done scrolling
  &lt;a tabindex=&quot;-1&quot; href=&quot;javascript:void(0)&quot; class=&quot;s…&gt;…&lt;/a&gt; intercepts pointer events
retrying click action, attempt #1
  waiting for element to be visible, enabled and stable
  element is visible, enabled and stable
  scrolling into view if needed
  done scrolling
  element is outside of the viewport
retrying click action, attempt #2
  waiting 20ms
  waiting for element to be visible, enabled and stable
  element is visible, enabled and stable
  scrolling into view if needed
  done scrolling
  &lt;a tabindex=&quot;-1&quot; href=&quot;javascript:void(0)&quot; class=&quot;s…&gt;…&lt;/a&gt; intercepts pointer events
retrying click action, attempt #3
  waiting 100ms
  waiting for element to be visible, enabled and stable
  element is visible, enabled and stable
  scrolling into view if needed
  done scrolling
  &lt;a tabindex=&quot;-1&quot; href=&quot;javascript:void(0)&quot; class=&quot;s…&gt;…&lt;/a&gt; intercepts pointer events
retrying click action, attempt #4
  waiting 100ms
  waiting for element to be visible, enabled and stable
  element is visible, enabled and stable
  scrolling into view if needed
  done scrolling
  &lt;a tabindex=&quot;-1&quot; href=&quot;javascript:void(0)&quot; class=&quot;s…&gt;…&lt;/a&gt; intercepts pointer events
retrying click action, attempt #5
  waiting 500ms
  waiting for element to be visible, enabled and stable
  element is visible, enabled and stable
  scrolling into view if needed
  done scrolling
  element is outside of the viewport
retrying click action, attempt #6
  waiting 500ms
  waiting for element to be visible, enabled and stable
  element is visible, enabled and stable
  scrolling into view if needed
  done scrolling
  &lt;a tabindex=&quot;-1&quot; href=&quot;javascript:void(0)&quot; class=&quot;s…&gt;…&lt;/a&gt; intercepts pointer events
retrying click action, attempt #7
  waiting 500ms
  waiting for element to be visible, enabled and stable
  element is visible, enabled and stable
  scrolling into view if needed
  done scrolling
  &lt;a tabindex=&quot;-1&quot; href=&quot;javascript:void(0)&quot; class=&quot;s…&gt;…&lt;/a&gt; intercepts pointer events
retrying click action, attempt #8
  waiting 500ms
  waiting for element to be visible, enabled and stable
  element is visible, enabled and stable
  scrolling into view if needed
  done scrolling
  &lt;a tabindex=&quot;-1&quot; href=&quot;javascript:void(0)&quot; class=&quot;s…&gt;…&lt;/a&gt; intercepts pointer events
retrying click action, attempt #9
  waiting 500ms
  waiting for element to be visible, enabled and stable
  element is visible, enabled and stable
  scrolling into view if needed
  done scrolling
  element is outside of the viewport
retrying click action, attempt #10
  waiting 500ms
  waiting for element to be visible, enabled and stable
  element is visible, enabled and stable
  scrolling into view if needed
  done scrolling
  &lt;a tabindex=&quot;-1&quot; href=&quot;javascript:void(0)&quot; class=&quot;s…&gt;…&lt;/a&gt; intercepts pointer events
retrying click action, attempt #11
  waiting 500ms
  waiting for element to be visible, enabled and stable
  element is visible, enabled and stable
  scrolling into view if needed
  done scrolling
  &lt;a tabindex=&quot;-1&quot; href=&quot;javascript:void(0)&quot; class=&quot;s…&gt;…&lt;/a&gt; intercepts pointer events
retrying click action, attempt #12
  waiting 500ms
  waiting for element to be visible, enabled and stable
  element is visible, enabled and stable
  scrolling into view if needed
  done scrolling
  &lt;a tabindex=&quot;-1&quot; href=&quot;javascript:void(0)&quot; class=&quot;s…&gt;…&lt;/a&gt; intercepts pointer events
retrying click action, attempt #13
  waiting 500ms
  waiting for element to be visible, enabled and stable
  element is visible, enabled and stable
  scrolling into view if needed
  done scrolling
  element is outside of the viewport
retrying click action, attempt #14
  waiting 500ms
  waiting for element to be visible, enabled and stable
  element is visible, enabled and stable
  scrolling into view if needed
  done scrolling
  &lt;a tabindex=&quot;-1&quot; href=&quot;javascript:void(0)&quot; class=&quot;s…&gt;…&lt;/a&gt; intercepts pointer events
retrying click action, attempt #15
  waiting 500ms
  waiting for element to be visible, enabled and stable
  element is visible, enabled and stable
  scrolling into view if needed
  done scrolling
  &lt;a tabindex=&quot;-1&quot; href=&quot;javascript:void(0)&quot; class=&quot;s…&gt;…&lt;/a&gt; intercepts pointer events
retrying click action, attempt #16
  waiting 500ms
  waiting for element to be visible, enabled and stable
  element is visible, enabled and stable
  scrolling into view if needed
  done scrolling
  &lt;a tabindex=&quot;-1&quot; href=&quot;javascript:void(0)&quot; class=&quot;s…&gt;…&lt;/a&gt; intercepts pointer events
retrying click action, attempt #17
  waiting 500ms
  waiting for element to be visible, enabled and stable
  element is visible, enabled and stable
  scrolling into view if needed
  done scrolling
  element is outside of the viewport
retrying click action, attempt #18
  waiting 500ms
  waiting for element to be visible, enabled and stable
  element is visible, enabled and stable
  scrolling into view if needed
  done scrolling
  &lt;a tabindex=&quot;-1&quot; href=&quot;javascript:void(0)&quot; class=&quot;s…&gt;…&lt;/a&gt; intercepts pointer events
retrying click action, attempt #19
  waiting 500ms
  waiting for element to be visible, enabled and stable
  element is visible, enabled and stable
  scrolling into view if needed
  done scrolling
  &lt;a tabindex=&quot;-1&quot; href=&quot;javascript:void(0)&quot; class=&quot;s…&gt;…&lt;/a&gt; intercepts pointer events
retrying click action, attempt #20
  waiting 500ms
  waiting for element to be visible, enabled and stable
  element is visible, enabled and stable
  scrolling into view if needed
  done scrolling
  &lt;a tabindex=&quot;-1&quot; href=&quot;javascript:void(0)&quot; class=&quot;s…&gt;…&lt;/a&gt; intercepts pointer events
retrying click action, attempt #21
  waiting 500ms
  waiting for element to be visible, enabled and stable
  element is visible, enabled and stable
  scrolling into view if needed
  done scrolling
  element is outside of the viewport
retrying click action, attempt #22
  waiting 500ms
  waiting for element to be visible, enabled and stable
  element is visible, enabled and stable
  scrolling into view if needed
  done scrolling
  &lt;a tabindex=&quot;-1&quot; href=&quot;javascript:void(0)&quot; class=&quot;s…&gt;…&lt;/a&gt; intercepts pointer events
retrying click action, attempt #23
  waiting 500ms
  waiting for element to be visible, enabled and stable
  element is visible, enabled and stable
  scrolling into view if needed
  done scrolling
  &lt;a tabindex=&quot;-1&quot; href=&quot;javascript:void(0)&quot; class=&quot;s…&gt;…&lt;/a&gt; intercepts pointer events
retrying click action, attempt #24
  waiting 500ms
  waiting for element to be visible, enabled and stable
  element is visible, enabled and stable
  scrolling into view if needed
  done scrolling
  &lt;a tabindex=&quot;-1&quot; href=&quot;javascript:void(0)&quot; class=&quot;s…&gt;…&lt;/a&gt; intercepts pointer events
retrying click action, attempt #25
  waiting 500ms
  waiting for element to be visible, enabled and stable
  element is visible, enabled and stable
  scrolling into view if needed
  done scrolling
  element is outside of the viewport
retrying click action, attempt #26
  waiting 500ms
  waiting for element to be visible, enabled and stable
  element is visible, enabled and stable
  scrolling into view if needed
  done scrolling
  &lt;a tabindex=&quot;-1&quot; href=&quot;javascript:void(0)&quot; class=&quot;s…&gt;…&lt;/a&gt; intercepts pointer events
retrying click action, attempt #27
  waiting 500ms
  waiting for element to be visible, enabled and stable
  element is visible, enabled and stable
  scrolling into view if needed
  done scrolling
  &lt;a tabindex=&quot;-1&quot; href=&quot;javascript:void(0)&quot; class=&quot;s…&gt;…&lt;/a&gt; intercepts pointer events
retrying click action, attempt #28
  waiting 500ms
  waiting for element to be visible, enabled and stable
  element is visible, enabled and stable
  scrolling into view if needed
  done scrolling
  &lt;a tabindex=&quot;-1&quot; href=&quot;javascript:void(0)&quot; class=&quot;s…&gt;…&lt;/a&gt; intercepts pointer events
retrying click action, attempt #29
  waiting 500ms
  waiting for element to be visible, enabled and stable
  element is visible, enabled and stable
  scrolling into view if needed
  done scrolling
  element is outside of the viewport
retrying click action, attempt #30
  waiting 500ms
  waiting for element to be visible, enabled and stable
  element is visible, enabled and stable
  scrolling into view if needed
  done scrolling
  &lt;a tabindex=&quot;-1&quot; href=&quot;javascript:void(0)&quot; class=&quot;s…&gt;…&lt;/a&gt; intercepts pointer events
retrying click action, attempt #31
  waiting 500ms
  waiting for element to be visible, enabled and stable
  element is visible, enabled and stable
  scrolling into view if needed
  done scrolling
  &lt;a tabindex=&quot;-1&quot; href=&quot;javascript:void(0)&quot; class=&quot;s…&gt;…&lt;/a&gt; intercepts pointer events
retrying click action, attempt #32
  waiting 500ms
  waiting for element to be visible, enabled and stable
  element is visible, enabled and stable
  scrolling into view if needed
  done scrolling
  &lt;a tabindex=&quot;-1&quot; href=&quot;javascript:void(0)&quot; class=&quot;s…&gt;…&lt;/a&gt; intercepts pointer events
retrying click action, attempt #33
  waiting 500ms
  waiting for element to be visible, enabled and stable
  element is visible, enabled and stable
  scrolling into view if needed
  done scrolling
  element is outside of the viewport
retrying click action, attempt #34
  waiting 500ms
  waiting for element to be visible, enabled and stable
  element is visible, enabled and stable
  scrolling into view if needed
  done scrolling
  &lt;a tabindex=&quot;-1&quot; href=&quot;javascript:void(0)&quot; class=&quot;s…&gt;…&lt;/a&gt; intercepts pointer events
retrying click action, attempt #35
  waiting 500ms
  waiting for element to be visible, enabled and stable
  element is visible, enabled and stable
  scrolling into view if needed
  done scrolling
  &lt;a tabindex=&quot;-1&quot; href=&quot;javascript:void(0)&quot; class=&quot;s…&gt;…&lt;/a&gt; intercepts pointer events
retrying click action, attempt #36
  waiting 500ms
  waiting for element to be visible, enabled and stable
  element is visible, enabled and stable
  scrolling into view if needed
  done scrolling
  &lt;a tabindex=&quot;-1&quot; href=&quot;javascript:void(0)&quot; class=&quot;s…&gt;…&lt;/a&gt; intercepts pointer events
retrying click action, attempt #37
  waiting 500ms
  waiting for element to be visible, enabled and stable
  element is visible, enabled and stable
  scrolling into view if needed
  done scrolling
  element is outside of the viewport
retrying click action, attempt #38
  waiting 500ms
  waiting for element to be visible, enabled and stable
  element is visible, enabled and stable
  scrolling into view if needed
  done scrolling
  &lt;a tabindex=&quot;-1&quot; href=&quot;javascript:void(0)&quot; class=&quot;s…&gt;…&lt;/a&gt; intercepts pointer events
retrying click action, attempt #39
  waiting 500ms
  waiting for element to be visible, enabled and stable
  element is visible, enabled and stable
  scrolling into view if needed
  done scrolling
  &lt;a tabindex=&quot;-1&quot; href=&quot;javascript:void(0)&quot; class=&quot;s…&gt;…&lt;/a&gt; intercepts pointer events
retrying click action, attempt #40
  waiting 500ms
  waiting for element to be visible, enabled and stable
  element is visible, enabled and stable
  scrolling into view if needed
  done scrolling
  &lt;a tabindex=&quot;-1&quot; href=&quot;javascript:void(0)&quot; class=&quot;s…&gt;…&lt;/a&gt; intercepts pointer events
retrying click action, attempt #41
  waiting 500ms
  waiting for element to be visible, enabled and stable
  element is visible, enabled and stable
  scrolling into view if needed
  done scrolling
  element is outside of the viewport
retrying click action, attempt #42
  waiting 500ms
  waiting for element to be visible, enabled and stable
  element is visible, enabled and stable
  scrolling into view if needed
  done scrolling
  &lt;a tabindex=&quot;-1&quot; href=&quot;javascript:void(0)&quot; class=&quot;s…&gt;…&lt;/a&gt; intercepts pointer events
retrying click action, attempt #43
  waiting 500ms
  waiting for element to be visible, enabled and stable
  element is visible, enabled and stable
  scrolling into view if needed
  done scrolling
  &lt;a tabindex=&quot;-1&quot; href=&quot;javascript:void(0)&quot; class=&quot;s…&gt;…&lt;/a&gt; intercepts pointer events
retrying click action, attempt #44
  waiting 500ms
  waiting for element to be visible, enabled and stable
  element is visible, enabled and stable
  scrolling into view if needed
  done scrolling
  &lt;a tabindex=&quot;-1&quot; href=&quot;javascript:void(0)&quot; class=&quot;s…&gt;…&lt;/a&gt; intercepts pointer events
retrying click action, attempt #45
  waiting 500ms
  waiting for element to be visible, enabled and stable
  element is visible, enabled and stable
  scrolling into view if needed
  done scrolling
  element is outside of the viewport
retrying click action, attempt #46
  waiting 500ms
  waiting for element to be visible, enabled and stable
  element is visible, enabled and stable
  scrolling into view if needed
  done scrolling
  &lt;a tabindex=&quot;-1&quot; href=&quot;javascript:void(0)&quot; class=&quot;s…&gt;…&lt;/a&gt; intercepts pointer events
retrying click action, attempt #47
  waiting 500ms
  waiting for element to be visible, enabled and stable
  element is visible, enabled and stable
  scrolling into view if needed
  done scrolling
  &lt;a tabindex=&quot;-1&quot; href=&quot;javascript:void(0)&quot; class=&quot;s…&gt;…&lt;/a&gt; intercepts pointer events
retrying click action, attempt #48
  waiting 500ms
  waiting for element to be visible, enabled and stable
  element is visible, enabled and stable
  scrolling into view if needed
  done scrolling
  &lt;a tabindex=&quot;-1&quot; href=&quot;javascript:void(0)&quot; class=&quot;s…&gt;…&lt;/a&gt; intercepts pointer events
retrying click action, attempt #49
  waiting 500ms
  waiting for element to be visible, enabled and stable
  element is visible, enabled and stable
  scrolling into view if needed
  done scrolling
  element is outside of the viewport
retrying click action, attempt #50
  waiting 500ms
  waiting for element to be visible, enabled and stable
  element is visible, enabled and stable
  scrolling into view if needed
  done scrolling
  &lt;a tabindex=&quot;-1&quot; href=&quot;javascript:void(0)&quot; class=&quot;s…&gt;…&lt;/a&gt; intercepts pointer events
retrying click action, attempt #51
  waiting 500ms
  waiting for element to be visible, enabled and stable
  element is visible, enabled and stable
  scrolling into view if needed
  done scrolling
  &lt;a tabindex=&quot;-1&quot; href=&quot;javascript:void(0)&quot; class=&quot;s…&gt;…&lt;/a&gt; intercepts pointer events
retrying click action, attempt #52
  waiting 500ms
  waiting for element to be visible, enabled and stable
  element is visible, enabled and stable
  scrolling into view if needed
  done scrolling
  &lt;a tabindex=&quot;-1&quot; href=&quot;javascript:void(0)&quot; class=&quot;s…&gt;…&lt;/a&gt; intercepts pointer events
retrying click action, attempt #53
  waiting 500ms
  waiting for element to be visible, enabled and stable
  element is visible, enabled and stable
  scrolling into view if needed
  done scrolling
  element is outside of the viewport
retrying click action, attempt #54
  waiting 500ms
  waiting for element to be visible, enabled and stable
  element is visible, enabled and stable
  scrolling into view if needed
  done scrolling
  &lt;a tabindex=&quot;-1&quot; href=&quot;javascript:void(0)&quot; class=&quot;s…&gt;…&lt;/a&gt; intercepts pointer events
retrying click action, attempt #55
  waiting 500ms
  waiting for element to be visible, enabled and stable
  element is visible, enabled and stable
  scrolling into view if needed
  done scrolling
  &lt;a tabindex=&quot;-1&quot; href=&quot;javascript:void(0)&quot; class=&quot;s…&gt;…&lt;/a&gt; intercepts pointer events
retrying click action, attempt #56
  waiting 500ms
  waiting for element to be visible, enabled and stable
  element is visible, enabled and stable
  scrolling into view if needed
  done scrolling
  &lt;a tabindex=&quot;-1&quot; href=&quot;javascript:void(0)&quot; class=&quot;s…&gt;…&lt;/a&gt; intercepts pointer events
retrying click action, attempt #57
  waiting 500ms
  waiting for element to be visible, enabled and stable
  element is visible, enabled and stable
  scrolling into view if needed
  done scrolling
  element is outside of the viewport
retrying click action, attempt #58
  waiting 500ms
  waiting for element to be visible, enabled and stable
  element is visible, enabled and stable
  scrolling into view if needed
  done scrolling
  &lt;a tabindex=&quot;-1&quot; href=&quot;javascript:void(0)&quot; class=&quot;s…&gt;…&lt;/a&gt; intercepts pointer events
retrying click action, attempt #59
  waiting 500ms
  waiting for element to be visible, enabled and stable
  element is visible, enabled and stable
  scrolling into view if needed
  done scrolling
  &lt;a tabindex=&quot;-1&quot; href=&quot;javascript:void(0)&quot; class=&quot;s…&gt;…&lt;/a&gt; intercepts pointer events
retrying click action, attempt #60
  waiting 500ms
  waiting for element to be visible, enabled and stable
  element is visible, enabled and stable
  scrolling into view if needed
  done scrolling
  &lt;a tabindex=&quot;-1&quot; href=&quot;javascript:void(0)&quot; class=&quot;s…&gt;…&lt;/a&gt; intercepts pointer events
retrying click action, attempt #61
  waiting 500ms
============================================================
    at ProgressController.run (C:\Users\BISWAR~1\AppData\Local\Temp\playwright-java-13073437138497421934\package\lib\server\progress.js:88:26)
    at Frame.click (C:\Users\BISWAR~1\AppData\Local\Temp\playwright-java-13073437138497421934\package\lib\server\frames.js:995:23)
    at FrameDispatcher.click (C:\Users\BISWAR~1\AppData\Local\Temp\playwright-java-13073437138497421934\package\lib\server\dispatchers\frameDispatcher.js:154:30)
    at DispatcherConnection.dispatch (C:\Users\BISWAR~1\AppData\Local\Temp\playwright-java-13073437138497421934\package\lib\server\dispatchers\dispatcher.js:346:46)
}">
                <![CDATA[com.microsoft.playwright.TimeoutError: Error {
  message='Timeout 30000ms exceeded.
=========================== logs ===========================
waiting for getByLabel("Select a School", new Page.GetByLabelOptions().setExact(true))
  locator resolved to <input type="text" role="button" id="s2id_autogen20" ar…/>
attempting click action
  waiting for element to be visible, enabled and stable
  element is visible, enabled and stable
  scrolling into view if needed
  done scrolling
  <a tabindex="-1" href="javascript:void(0)" class="s…>…</a> intercepts pointer events
retrying click action, attempt #1
  waiting for element to be visible, enabled and stable
  element is visible, enabled and stable
  scrolling into view if needed
  done scrolling
  element is outside of the viewport
retrying click action, attempt #2
  waiting 20ms
  waiting for element to be visible, enabled and stable
  element is visible, enabled and stable
  scrolling into view if needed
  done scrolling
  <a tabindex="-1" href="javascript:void(0)" class="s…>…</a> intercepts pointer events
retrying click action, attempt #3
  waiting 100ms
  waiting for element to be visible, enabled and stable
  element is visible, enabled and stable
  scrolling into view if needed
  done scrolling
  <a tabindex="-1" href="javascript:void(0)" class="s…>…</a> intercepts pointer events
retrying click action, attempt #4
  waiting 100ms
  waiting for element to be visible, enabled and stable
  element is visible, enabled and stable
  scrolling into view if needed
  done scrolling
  <a tabindex="-1" href="javascript:void(0)" class="s…>…</a> intercepts pointer events
retrying click action, attempt #5
  waiting 500ms
  waiting for element to be visible, enabled and stable
  element is visible, enabled and stable
  scrolling into view if needed
  done scrolling
  element is outside of the viewport
retrying click action, attempt #6
  waiting 500ms
  waiting for element to be visible, enabled and stable
  element is visible, enabled and stable
  scrolling into view if needed
  done scrolling
  <a tabindex="-1" href="javascript:void(0)" class="s…>…</a> intercepts pointer events
retrying click action, attempt #7
  waiting 500ms
  waiting for element to be visible, enabled and stable
  element is visible, enabled and stable
  scrolling into view if needed
  done scrolling
  <a tabindex="-1" href="javascript:void(0)" class="s…>…</a> intercepts pointer events
retrying click action, attempt #8
  waiting 500ms
  waiting for element to be visible, enabled and stable
  element is visible, enabled and stable
  scrolling into view if needed
  done scrolling
  <a tabindex="-1" href="javascript:void(0)" class="s…>…</a> intercepts pointer events
retrying click action, attempt #9
  waiting 500ms
  waiting for element to be visible, enabled and stable
  element is visible, enabled and stable
  scrolling into view if needed
  done scrolling
  element is outside of the viewport
retrying click action, attempt #10
  waiting 500ms
  waiting for element to be visible, enabled and stable
  element is visible, enabled and stable
  scrolling into view if needed
  done scrolling
  <a tabindex="-1" href="javascript:void(0)" class="s…>…</a> intercepts pointer events
retrying click action, attempt #11
  waiting 500ms
  waiting for element to be visible, enabled and stable
  element is visible, enabled and stable
  scrolling into view if needed
  done scrolling
  <a tabindex="-1" href="javascript:void(0)" class="s…>…</a> intercepts pointer events
retrying click action, attempt #12
  waiting 500ms
  waiting for element to be visible, enabled and stable
  element is visible, enabled and stable
  scrolling into view if needed
  done scrolling
  <a tabindex="-1" href="javascript:void(0)" class="s…>…</a> intercepts pointer events
retrying click action, attempt #13
  waiting 500ms
  waiting for element to be visible, enabled and stable
  element is visible, enabled and stable
  scrolling into view if needed
  done scrolling
  element is outside of the viewport
retrying click action, attempt #14
  waiting 500ms
  waiting for element to be visible, enabled and stable
  element is visible, enabled and stable
  scrolling into view if needed
  done scrolling
  <a tabindex="-1" href="javascript:void(0)" class="s…>…</a> intercepts pointer events
retrying click action, attempt #15
  waiting 500ms
  waiting for element to be visible, enabled and stable
  element is visible, enabled and stable
  scrolling into view if needed
  done scrolling
  <a tabindex="-1" href="javascript:void(0)" class="s…>…</a> intercepts pointer events
retrying click action, attempt #16
  waiting 500ms
  waiting for element to be visible, enabled and stable
  element is visible, enabled and stable
  scrolling into view if needed
  done scrolling
  <a tabindex="-1" href="javascript:void(0)" class="s…>…</a> intercepts pointer events
retrying click action, attempt #17
  waiting 500ms
  waiting for element to be visible, enabled and stable
  element is visible, enabled and stable
  scrolling into view if needed
  done scrolling
  element is outside of the viewport
retrying click action, attempt #18
  waiting 500ms
  waiting for element to be visible, enabled and stable
  element is visible, enabled and stable
  scrolling into view if needed
  done scrolling
  <a tabindex="-1" href="javascript:void(0)" class="s…>…</a> intercepts pointer events
retrying click action, attempt #19
  waiting 500ms
  waiting for element to be visible, enabled and stable
  element is visible, enabled and stable
  scrolling into view if needed
  done scrolling
  <a tabindex="-1" href="javascript:void(0)" class="s…>…</a> intercepts pointer events
retrying click action, attempt #20
  waiting 500ms
  waiting for element to be visible, enabled and stable
  element is visible, enabled and stable
  scrolling into view if needed
  done scrolling
  <a tabindex="-1" href="javascript:void(0)" class="s…>…</a> intercepts pointer events
retrying click action, attempt #21
  waiting 500ms
  waiting for element to be visible, enabled and stable
  element is visible, enabled and stable
  scrolling into view if needed
  done scrolling
  element is outside of the viewport
retrying click action, attempt #22
  waiting 500ms
  waiting for element to be visible, enabled and stable
  element is visible, enabled and stable
  scrolling into view if needed
  done scrolling
  <a tabindex="-1" href="javascript:void(0)" class="s…>…</a> intercepts pointer events
retrying click action, attempt #23
  waiting 500ms
  waiting for element to be visible, enabled and stable
  element is visible, enabled and stable
  scrolling into view if needed
  done scrolling
  <a tabindex="-1" href="javascript:void(0)" class="s…>…</a> intercepts pointer events
retrying click action, attempt #24
  waiting 500ms
  waiting for element to be visible, enabled and stable
  element is visible, enabled and stable
  scrolling into view if needed
  done scrolling
  <a tabindex="-1" href="javascript:void(0)" class="s…>…</a> intercepts pointer events
retrying click action, attempt #25
  waiting 500ms
  waiting for element to be visible, enabled and stable
  element is visible, enabled and stable
  scrolling into view if needed
  done scrolling
  element is outside of the viewport
retrying click action, attempt #26
  waiting 500ms
  waiting for element to be visible, enabled and stable
  element is visible, enabled and stable
  scrolling into view if needed
  done scrolling
  <a tabindex="-1" href="javascript:void(0)" class="s…>…</a> intercepts pointer events
retrying click action, attempt #27
  waiting 500ms
  waiting for element to be visible, enabled and stable
  element is visible, enabled and stable
  scrolling into view if needed
  done scrolling
  <a tabindex="-1" href="javascript:void(0)" class="s…>…</a> intercepts pointer events
retrying click action, attempt #28
  waiting 500ms
  waiting for element to be visible, enabled and stable
  element is visible, enabled and stable
  scrolling into view if needed
  done scrolling
  <a tabindex="-1" href="javascript:void(0)" class="s…>…</a> intercepts pointer events
retrying click action, attempt #29
  waiting 500ms
  waiting for element to be visible, enabled and stable
  element is visible, enabled and stable
  scrolling into view if needed
  done scrolling
  element is outside of the viewport
retrying click action, attempt #30
  waiting 500ms
  waiting for element to be visible, enabled and stable
  element is visible, enabled and stable
  scrolling into view if needed
  done scrolling
  <a tabindex="-1" href="javascript:void(0)" class="s…>…</a> intercepts pointer events
retrying click action, attempt #31
  waiting 500ms
  waiting for element to be visible, enabled and stable
  element is visible, enabled and stable
  scrolling into view if needed
  done scrolling
  <a tabindex="-1" href="javascript:void(0)" class="s…>…</a> intercepts pointer events
retrying click action, attempt #32
  waiting 500ms
  waiting for element to be visible, enabled and stable
  element is visible, enabled and stable
  scrolling into view if needed
  done scrolling
  <a tabindex="-1" href="javascript:void(0)" class="s…>…</a> intercepts pointer events
retrying click action, attempt #33
  waiting 500ms
  waiting for element to be visible, enabled and stable
  element is visible, enabled and stable
  scrolling into view if needed
  done scrolling
  element is outside of the viewport
retrying click action, attempt #34
  waiting 500ms
  waiting for element to be visible, enabled and stable
  element is visible, enabled and stable
  scrolling into view if needed
  done scrolling
  <a tabindex="-1" href="javascript:void(0)" class="s…>…</a> intercepts pointer events
retrying click action, attempt #35
  waiting 500ms
  waiting for element to be visible, enabled and stable
  element is visible, enabled and stable
  scrolling into view if needed
  done scrolling
  <a tabindex="-1" href="javascript:void(0)" class="s…>…</a> intercepts pointer events
retrying click action, attempt #36
  waiting 500ms
  waiting for element to be visible, enabled and stable
  element is visible, enabled and stable
  scrolling into view if needed
  done scrolling
  <a tabindex="-1" href="javascript:void(0)" class="s…>…</a> intercepts pointer events
retrying click action, attempt #37
  waiting 500ms
  waiting for element to be visible, enabled and stable
  element is visible, enabled and stable
  scrolling into view if needed
  done scrolling
  element is outside of the viewport
retrying click action, attempt #38
  waiting 500ms
  waiting for element to be visible, enabled and stable
  element is visible, enabled and stable
  scrolling into view if needed
  done scrolling
  <a tabindex="-1" href="javascript:void(0)" class="s…>…</a> intercepts pointer events
retrying click action, attempt #39
  waiting 500ms
  waiting for element to be visible, enabled and stable
  element is visible, enabled and stable
  scrolling into view if needed
  done scrolling
  <a tabindex="-1" href="javascript:void(0)" class="s…>…</a> intercepts pointer events
retrying click action, attempt #40
  waiting 500ms
  waiting for element to be visible, enabled and stable
  element is visible, enabled and stable
  scrolling into view if needed
  done scrolling
  <a tabindex="-1" href="javascript:void(0)" class="s…>…</a> intercepts pointer events
retrying click action, attempt #41
  waiting 500ms
  waiting for element to be visible, enabled and stable
  element is visible, enabled and stable
  scrolling into view if needed
  done scrolling
  element is outside of the viewport
retrying click action, attempt #42
  waiting 500ms
  waiting for element to be visible, enabled and stable
  element is visible, enabled and stable
  scrolling into view if needed
  done scrolling
  <a tabindex="-1" href="javascript:void(0)" class="s…>…</a> intercepts pointer events
retrying click action, attempt #43
  waiting 500ms
  waiting for element to be visible, enabled and stable
  element is visible, enabled and stable
  scrolling into view if needed
  done scrolling
  <a tabindex="-1" href="javascript:void(0)" class="s…>…</a> intercepts pointer events
retrying click action, attempt #44
  waiting 500ms
  waiting for element to be visible, enabled and stable
  element is visible, enabled and stable
  scrolling into view if needed
  done scrolling
  <a tabindex="-1" href="javascript:void(0)" class="s…>…</a> intercepts pointer events
retrying click action, attempt #45
  waiting 500ms
  waiting for element to be visible, enabled and stable
  element is visible, enabled and stable
  scrolling into view if needed
  done scrolling
  element is outside of the viewport
retrying click action, attempt #46
  waiting 500ms
  waiting for element to be visible, enabled and stable
  element is visible, enabled and stable
  scrolling into view if needed
  done scrolling
  <a tabindex="-1" href="javascript:void(0)" class="s…>…</a> intercepts pointer events
retrying click action, attempt #47
  waiting 500ms
  waiting for element to be visible, enabled and stable
  element is visible, enabled and stable
  scrolling into view if needed
  done scrolling
  <a tabindex="-1" href="javascript:void(0)" class="s…>…</a> intercepts pointer events
retrying click action, attempt #48
  waiting 500ms
  waiting for element to be visible, enabled and stable
  element is visible, enabled and stable
  scrolling into view if needed
  done scrolling
  <a tabindex="-1" href="javascript:void(0)" class="s…>…</a> intercepts pointer events
retrying click action, attempt #49
  waiting 500ms
  waiting for element to be visible, enabled and stable
  element is visible, enabled and stable
  scrolling into view if needed
  done scrolling
  element is outside of the viewport
retrying click action, attempt #50
  waiting 500ms
  waiting for element to be visible, enabled and stable
  element is visible, enabled and stable
  scrolling into view if needed
  done scrolling
  <a tabindex="-1" href="javascript:void(0)" class="s…>…</a> intercepts pointer events
retrying click action, attempt #51
  waiting 500ms
  waiting for element to be visible, enabled and stable
  element is visible, enabled and stable
  scrolling into view if needed
  done scrolling
  <a tabindex="-1" href="javascript:void(0)" class="s…>…</a> intercepts pointer events
retrying click action, attempt #52
  waiting 500ms
  waiting for element to be visible, enabled and stable
  element is visible, enabled and stable
  scrolling into view if needed
  done scrolling
  <a tabindex="-1" href="javascript:void(0)" class="s…>…</a> intercepts pointer events
retrying click action, attempt #53
  waiting 500ms
  waiting for element to be visible, enabled and stable
  element is visible, enabled and stable
  scrolling into view if needed
  done scrolling
  element is outside of the viewport
retrying click action, attempt #54
  waiting 500ms
  waiting for element to be visible, enabled and stable
  element is visible, enabled and stable
  scrolling into view if needed
  done scrolling
  <a tabindex="-1" href="javascript:void(0)" class="s…>…</a> intercepts pointer events
retrying click action, attempt #55
  waiting 500ms
  waiting for element to be visible, enabled and stable
  element is visible, enabled and stable
  scrolling into view if needed
  done scrolling
  <a tabindex="-1" href="javascript:void(0)" class="s…>…</a> intercepts pointer events
retrying click action, attempt #56
  waiting 500ms
  waiting for element to be visible, enabled and stable
  element is visible, enabled and stable
  scrolling into view if needed
  done scrolling
  <a tabindex="-1" href="javascript:void(0)" class="s…>…</a> intercepts pointer events
retrying click action, attempt #57
  waiting 500ms
  waiting for element to be visible, enabled and stable
  element is visible, enabled and stable
  scrolling into view if needed
  done scrolling
  element is outside of the viewport
retrying click action, attempt #58
  waiting 500ms
  waiting for element to be visible, enabled and stable
  element is visible, enabled and stable
  scrolling into view if needed
  done scrolling
  <a tabindex="-1" href="javascript:void(0)" class="s…>…</a> intercepts pointer events
retrying click action, attempt #59
  waiting 500ms
  waiting for element to be visible, enabled and stable
  element is visible, enabled and stable
  scrolling into view if needed
  done scrolling
  <a tabindex="-1" href="javascript:void(0)" class="s…>…</a> intercepts pointer events
retrying click action, attempt #60
  waiting 500ms
  waiting for element to be visible, enabled and stable
  element is visible, enabled and stable
  scrolling into view if needed
  done scrolling
  <a tabindex="-1" href="javascript:void(0)" class="s…>…</a> intercepts pointer events
retrying click action, attempt #61
  waiting 500ms
============================================================
  name='TimeoutError
  stack='TimeoutError: Timeout 30000ms exceeded.
=========================== logs ===========================
waiting for getByLabel("Select a School", new Page.GetByLabelOptions().setExact(true))
  locator resolved to <input type="text" role="button" id="s2id_autogen20" ar…/>
attempting click action
  waiting for element to be visible, enabled and stable
  element is visible, enabled and stable
  scrolling into view if needed
  done scrolling
  <a tabindex="-1" href="javascript:void(0)" class="s…>…</a> intercepts pointer events
retrying click action, attempt #1
  waiting for element to be visible, enabled and stable
  element is visible, enabled and stable
  scrolling into view if needed
  done scrolling
  element is outside of the viewport
retrying click action, attempt #2
  waiting 20ms
  waiting for element to be visible, enabled and stable
  element is visible, enabled and stable
  scrolling into view if needed
  done scrolling
  <a tabindex="-1" href="javascript:void(0)" class="s…>…</a> intercepts pointer events
retrying click action, attempt #3
  waiting 100ms
  waiting for element to be visible, enabled and stable
  element is visible, enabled and stable
  scrolling into view if needed
  done scrolling
  <a tabindex="-1" href="javascript:void(0)" class="s…>…</a> intercepts pointer events
retrying click action, attempt #4
  waiting 100ms
  waiting for element to be visible, enabled and stable
  element is visible, enabled and stable
  scrolling into view if needed
  done scrolling
  <a tabindex="-1" href="javascript:void(0)" class="s…>…</a> intercepts pointer events
retrying click action, attempt #5
  waiting 500ms
  waiting for element to be visible, enabled and stable
  element is visible, enabled and stable
  scrolling into view if needed
  done scrolling
  element is outside of the viewport
retrying click action, attempt #6
  waiting 500ms
  waiting for element to be visible, enabled and stable
  element is visible, enabled and stable
  scrolling into view if needed
  done scrolling
  <a tabindex="-1" href="javascript:void(0)" class="s…>…</a> intercepts pointer events
retrying click action, attempt #7
  waiting 500ms
  waiting for element to be visible, enabled and stable
  element is visible, enabled and stable
  scrolling into view if needed
  done scrolling
  <a tabindex="-1" href="javascript:void(0)" class="s…>…</a> intercepts pointer events
retrying click action, attempt #8
  waiting 500ms
  waiting for element to be visible, enabled and stable
  element is visible, enabled and stable
  scrolling into view if needed
  done scrolling
  <a tabindex="-1" href="javascript:void(0)" class="s…>…</a> intercepts pointer events
retrying click action, attempt #9
  waiting 500ms
  waiting for element to be visible, enabled and stable
  element is visible, enabled and stable
  scrolling into view if needed
  done scrolling
  element is outside of the viewport
retrying click action, attempt #10
  waiting 500ms
  waiting for element to be visible, enabled and stable
  element is visible, enabled and stable
  scrolling into view if needed
  done scrolling
  <a tabindex="-1" href="javascript:void(0)" class="s…>…</a> intercepts pointer events
retrying click action, attempt #11
  waiting 500ms
  waiting for element to be visible, enabled and stable
  element is visible, enabled and stable
  scrolling into view if needed
  done scrolling
  <a tabindex="-1" href="javascript:void(0)" class="s…>…</a> intercepts pointer events
retrying click action, attempt #12
  waiting 500ms
  waiting for element to be visible, enabled and stable
  element is visible, enabled and stable
  scrolling into view if needed
  done scrolling
  <a tabindex="-1" href="javascript:void(0)" class="s…>…</a> intercepts pointer events
retrying click action, attempt #13
  waiting 500ms
  waiting for element to be visible, enabled and stable
  element is visible, enabled and stable
  scrolling into view if needed
  done scrolling
  element is outside of the viewport
retrying click action, attempt #14
  waiting 500ms
  waiting for element to be visible, enabled and stable
  element is visible, enabled and stable
  scrolling into view if needed
  done scrolling
  <a tabindex="-1" href="javascript:void(0)" class="s…>…</a> intercepts pointer events
retrying click action, attempt #15
  waiting 500ms
  waiting for element to be visible, enabled and stable
  element is visible, enabled and stable
  scrolling into view if needed
  done scrolling
  <a tabindex="-1" href="javascript:void(0)" class="s…>…</a> intercepts pointer events
retrying click action, attempt #16
  waiting 500ms
  waiting for element to be visible, enabled and stable
  element is visible, enabled and stable
  scrolling into view if needed
  done scrolling
  <a tabindex="-1" href="javascript:void(0)" class="s…>…</a> intercepts pointer events
retrying click action, attempt #17
  waiting 500ms
  waiting for element to be visible, enabled and stable
  element is visible, enabled and stable
  scrolling into view if needed
  done scrolling
  element is outside of the viewport
retrying click action, attempt #18
  waiting 500ms
  waiting for element to be visible, enabled and stable
  element is visible, enabled and stable
  scrolling into view if needed
  done scrolling
  <a tabindex="-1" href="javascript:void(0)" class="s…>…</a> intercepts pointer events
retrying click action, attempt #19
  waiting 500ms
  waiting for element to be visible, enabled and stable
  element is visible, enabled and stable
  scrolling into view if needed
  done scrolling
  <a tabindex="-1" href="javascript:void(0)" class="s…>…</a> intercepts pointer events
retrying click action, attempt #20
  waiting 500ms
  waiting for element to be visible, enabled and stable
  element is visible, enabled and stable
  scrolling into view if needed
  done scrolling
  <a tabindex="-1" href="javascript:void(0)" class="s…>…</a> intercepts pointer events
retrying click action, attempt #21
  waiting 500ms
  waiting for element to be visible, enabled and stable
  element is visible, enabled and stable
  scrolling into view if needed
  done scrolling
  element is outside of the viewport
retrying click action, attempt #22
  waiting 500ms
  waiting for element to be visible, enabled and stable
  element is visible, enabled and stable
  scrolling into view if needed
  done scrolling
  <a tabindex="-1" href="javascript:void(0)" class="s…>…</a> intercepts pointer events
retrying click action, attempt #23
  waiting 500ms
  waiting for element to be visible, enabled and stable
  element is visible, enabled and stable
  scrolling into view if needed
  done scrolling
  <a tabindex="-1" href="javascript:void(0)" class="s…>…</a> intercepts pointer events
retrying click action, attempt #24
  waiting 500ms
  waiting for element to be visible, enabled and stable
  element is visible, enabled and stable
  scrolling into view if needed
  done scrolling
  <a tabindex="-1" href="javascript:void(0)" class="s…>…</a> intercepts pointer events
retrying click action, attempt #25
  waiting 500ms
  waiting for element to be visible, enabled and stable
  element is visible, enabled and stable
  scrolling into view if needed
  done scrolling
  element is outside of the viewport
retrying click action, attempt #26
  waiting 500ms
  waiting for element to be visible, enabled and stable
  element is visible, enabled and stable
  scrolling into view if needed
  done scrolling
  <a tabindex="-1" href="javascript:void(0)" class="s…>…</a> intercepts pointer events
retrying click action, attempt #27
  waiting 500ms
  waiting for element to be visible, enabled and stable
  element is visible, enabled and stable
  scrolling into view if needed
  done scrolling
  <a tabindex="-1" href="javascript:void(0)" class="s…>…</a> intercepts pointer events
retrying click action, attempt #28
  waiting 500ms
  waiting for element to be visible, enabled and stable
  element is visible, enabled and stable
  scrolling into view if needed
  done scrolling
  <a tabindex="-1" href="javascript:void(0)" class="s…>…</a> intercepts pointer events
retrying click action, attempt #29
  waiting 500ms
  waiting for element to be visible, enabled and stable
  element is visible, enabled and stable
  scrolling into view if needed
  done scrolling
  element is outside of the viewport
retrying click action, attempt #30
  waiting 500ms
  waiting for element to be visible, enabled and stable
  element is visible, enabled and stable
  scrolling into view if needed
  done scrolling
  <a tabindex="-1" href="javascript:void(0)" class="s…>…</a> intercepts pointer events
retrying click action, attempt #31
  waiting 500ms
  waiting for element to be visible, enabled and stable
  element is visible, enabled and stable
  scrolling into view if needed
  done scrolling
  <a tabindex="-1" href="javascript:void(0)" class="s…>…</a> intercepts pointer events
retrying click action, attempt #32
  waiting 500ms
  waiting for element to be visible, enabled and stable
  element is visible, enabled and stable
  scrolling into view if needed
  done scrolling
  <a tabindex="-1" href="javascript:void(0)" class="s…>…</a> intercepts pointer events
retrying click action, attempt #33
  waiting 500ms
  waiting for element to be visible, enabled and stable
  element is visible, enabled and stable
  scrolling into view if needed
  done scrolling
  element is outside of the viewport
retrying click action, attempt #34
  waiting 500ms
  waiting for element to be visible, enabled and stable
  element is visible, enabled and stable
  scrolling into view if needed
  done scrolling
  <a tabindex="-1" href="javascript:void(0)" class="s…>…</a> intercepts pointer events
retrying click action, attempt #35
  waiting 500ms
  waiting for element to be visible, enabled and stable
  element is visible, enabled and stable
  scrolling into view if needed
  done scrolling
  <a tabindex="-1" href="javascript:void(0)" class="s…>…</a> intercepts pointer events
retrying click action, attempt #36
  waiting 500ms
  waiting for element to be visible, enabled and stable
  element is visible, enabled and stable
  scrolling into view if needed
  done scrolling
  <a tabindex="-1" href="javascript:void(0)" class="s…>…</a> intercepts pointer events
retrying click action, attempt #37
  waiting 500ms
  waiting for element to be visible, enabled and stable
  element is visible, enabled and stable
  scrolling into view if needed
  done scrolling
  element is outside of the viewport
retrying click action, attempt #38
  waiting 500ms
  waiting for element to be visible, enabled and stable
  element is visible, enabled and stable
  scrolling into view if needed
  done scrolling
  <a tabindex="-1" href="javascript:void(0)" class="s…>…</a> intercepts pointer events
retrying click action, attempt #39
  waiting 500ms
  waiting for element to be visible, enabled and stable
  element is visible, enabled and stable
  scrolling into view if needed
  done scrolling
  <a tabindex="-1" href="javascript:void(0)" class="s…>…</a> intercepts pointer events
retrying click action, attempt #40
  waiting 500ms
  waiting for element to be visible, enabled and stable
  element is visible, enabled and stable
  scrolling into view if needed
  done scrolling
  <a tabindex="-1" href="javascript:void(0)" class="s…>…</a> intercepts pointer events
retrying click action, attempt #41
  waiting 500ms
  waiting for element to be visible, enabled and stable
  element is visible, enabled and stable
  scrolling into view if needed
  done scrolling
  element is outside of the viewport
retrying click action, attempt #42
  waiting 500ms
  waiting for element to be visible, enabled and stable
  element is visible, enabled and stable
  scrolling into view if needed
  done scrolling
  <a tabindex="-1" href="javascript:void(0)" class="s…>…</a> intercepts pointer events
retrying click action, attempt #43
  waiting 500ms
  waiting for element to be visible, enabled and stable
  element is visible, enabled and stable
  scrolling into view if needed
  done scrolling
  <a tabindex="-1" href="javascript:void(0)" class="s…>…</a> intercepts pointer events
retrying click action, attempt #44
  waiting 500ms
  waiting for element to be visible, enabled and stable
  element is visible, enabled and stable
  scrolling into view if needed
  done scrolling
  <a tabindex="-1" href="javascript:void(0)" class="s…>…</a> intercepts pointer events
retrying click action, attempt #45
  waiting 500ms
  waiting for element to be visible, enabled and stable
  element is visible, enabled and stable
  scrolling into view if needed
  done scrolling
  element is outside of the viewport
retrying click action, attempt #46
  waiting 500ms
  waiting for element to be visible, enabled and stable
  element is visible, enabled and stable
  scrolling into view if needed
  done scrolling
  <a tabindex="-1" href="javascript:void(0)" class="s…>…</a> intercepts pointer events
retrying click action, attempt #47
  waiting 500ms
  waiting for element to be visible, enabled and stable
  element is visible, enabled and stable
  scrolling into view if needed
  done scrolling
  <a tabindex="-1" href="javascript:void(0)" class="s…>…</a> intercepts pointer events
retrying click action, attempt #48
  waiting 500ms
  waiting for element to be visible, enabled and stable
  element is visible, enabled and stable
  scrolling into view if needed
  done scrolling
  <a tabindex="-1" href="javascript:void(0)" class="s…>…</a> intercepts pointer events
retrying click action, attempt #49
  waiting 500ms
  waiting for element to be visible, enabled and stable
  element is visible, enabled and stable
  scrolling into view if needed
  done scrolling
  element is outside of the viewport
retrying click action, attempt #50
  waiting 500ms
  waiting for element to be visible, enabled and stable
  element is visible, enabled and stable
  scrolling into view if needed
  done scrolling
  <a tabindex="-1" href="javascript:void(0)" class="s…>…</a> intercepts pointer events
retrying click action, attempt #51
  waiting 500ms
  waiting for element to be visible, enabled and stable
  element is visible, enabled and stable
  scrolling into view if needed
  done scrolling
  <a tabindex="-1" href="javascript:void(0)" class="s…>…</a> intercepts pointer events
retrying click action, attempt #52
  waiting 500ms
  waiting for element to be visible, enabled and stable
  element is visible, enabled and stable
  scrolling into view if needed
  done scrolling
  <a tabindex="-1" href="javascript:void(0)" class="s…>…</a> intercepts pointer events
retrying click action, attempt #53
  waiting 500ms
  waiting for element to be visible, enabled and stable
  element is visible, enabled and stable
  scrolling into view if needed
  done scrolling
  element is outside of the viewport
retrying click action, attempt #54
  waiting 500ms
  waiting for element to be visible, enabled and stable
  element is visible, enabled and stable
  scrolling into view if needed
  done scrolling
  <a tabindex="-1" href="javascript:void(0)" class="s…>…</a> intercepts pointer events
retrying click action, attempt #55
  waiting 500ms
  waiting for element to be visible, enabled and stable
  element is visible, enabled and stable
  scrolling into view if needed
  done scrolling
  <a tabindex="-1" href="javascript:void(0)" class="s…>…</a> intercepts pointer events
retrying click action, attempt #56
  waiting 500ms
  waiting for element to be visible, enabled and stable
  element is visible, enabled and stable
  scrolling into view if needed
  done scrolling
  <a tabindex="-1" href="javascript:void(0)" class="s…>…</a> intercepts pointer events
retrying click action, attempt #57
  waiting 500ms
  waiting for element to be visible, enabled and stable
  element is visible, enabled and stable
  scrolling into view if needed
  done scrolling
  element is outside of the viewport
retrying click action, attempt #58
  waiting 500ms
  waiting for element to be visible, enabled and stable
  element is visible, enabled and stable
  scrolling into view if needed
  done scrolling
  <a tabindex="-1" href="javascript:void(0)" class="s…>…</a> intercepts pointer events
retrying click action, attempt #59
  waiting 500ms
  waiting for element to be visible, enabled and stable
  element is visible, enabled and stable
  scrolling into view if needed
  done scrolling
  <a tabindex="-1" href="javascript:void(0)" class="s…>…</a> intercepts pointer events
retrying click action, attempt #60
  waiting 500ms
  waiting for element to be visible, enabled and stable
  element is visible, enabled and stable
  scrolling into view if needed
  done scrolling
  <a tabindex="-1" href="javascript:void(0)" class="s…>…</a> intercepts pointer events
retrying click action, attempt #61
  waiting 500ms
============================================================
    at ProgressController.run (C:\Users\BISWAR~1\AppData\Local\Temp\playwright-java-13073437138497421934\package\lib\server\progress.js:88:26)
    at Frame.click (C:\Users\BISWAR~1\AppData\Local\Temp\playwright-java-13073437138497421934\package\lib\server\frames.js:995:23)
    at FrameDispatcher.click (C:\Users\BISWAR~1\AppData\Local\Temp\playwright-java-13073437138497421934\package\lib\server\dispatchers\frameDispatcher.js:154:30)
    at DispatcherConnection.dispatch (C:\Users\BISWAR~1\AppData\Local\Temp\playwright-java-13073437138497421934\package\lib\server\dispatchers\dispatcher.js:346:46)
}
                com.microsoft.playwright.impl.WaitableResult.get(WaitableResult.java:52)com.microsoft.playwright.impl.ChannelOwner.runUntil(ChannelOwner.java:120)com.microsoft.playwright.impl.Connection.sendMessage(Connection.java:126)com.microsoft.playwright.impl.ChannelOwner.sendMessage(ChannelOwner.java:106)com.microsoft.playwright.impl.FrameImpl.clickImpl(FrameImpl.java:252)com.microsoft.playwright.impl.FrameImpl.lambda$click$8(FrameImpl.java:243)com.microsoft.playwright.impl.LoggingSupport.lambda$withLogging$0(LoggingSupport.java:36)com.microsoft.playwright.impl.LoggingSupport.withLogging(LoggingSupport.java:47)com.microsoft.playwright.impl.ChannelOwner.withLogging(ChannelOwner.java:89)com.microsoft.playwright.impl.LoggingSupport.withLogging(LoggingSupport.java:35)com.microsoft.playwright.impl.FrameImpl.click(FrameImpl.java:243)com.microsoft.playwright.impl.LocatorImpl.click(LocatorImpl.java:140)com.microsoft.playwright.Locator.click(Locator.java:2348)compare.AutoScrollToFindLocator.autoScroll(AutoScrollToFindLocator.java:16)java.base/jdk.internal.reflect.DirectMethodHandleAccessor.invoke(DirectMethodHandleAccessor.java:104)java.base/java.lang.reflect.Method.invoke(Method.java:578)org.testng.internal.invokers.MethodInvocationHelper.invokeMethod(MethodInvocationHelper.java:139)org.testng.internal.invokers.TestInvoker.invokeMethod(TestInvoker.java:664)org.testng.internal.invokers.TestInvoker.invokeTestMethod(TestInvoker.java:227)org.testng.internal.invokers.MethodRunner.runInSequence(MethodRunner.java:50)org.testng.internal.invokers.TestInvoker$MethodInvocationAgent.invoke(TestInvoker.java:957)org.testng.internal.invokers.TestInvoker.invokeTestMethods(TestInvoker.java:200)org.testng.internal.invokers.TestMethodWorker.invokeTestMethods(TestMethodWorker.java:148)org.testng.internal.invokers.TestMethodWorker.run(TestMethodWorker.java:128)java.base/java.util.ArrayList.forEach(ArrayList.java:1511)org.testng.TestRunner.privateRun(TestRunner.java:848)org.testng.TestRunner.run(TestRunner.java:621)org.testng.SuiteRunner.runTest(SuiteRunner.java:443)org.testng.SuiteRunner.runSequentially(SuiteRunner.java:437)org.testng.SuiteRunner.privateRun(SuiteRunner.java:397)org.testng.SuiteRunner.run(SuiteRunner.java:336)org.testng.SuiteRunnerWorker.runSuite(SuiteRunnerWorker.java:52)org.testng.SuiteRunnerWorker.run(SuiteRunnerWorker.java:95)org.testng.TestNG.runSuitesSequentially(TestNG.java:1280)org.testng.TestNG.runSuitesLocally(TestNG.java:1200)org.testng.TestNG.runSuites(TestNG.java:1114)org.testng.TestNG.run(TestNG.java:1082)com.intellij.rt.testng.IDEARemoteTestNG.run(IDEARemoteTestNG.java:66)com.intellij.rt.testng.RemoteTestNGStarter.main(RemoteTestNGStarter.java:109)
                    Caused by: com.microsoft.playwright.TimeoutError: Error {
  message='Timeout 30000ms exceeded.
=========================== logs ===========================
waiting for getByLabel("Select a School", new Page.GetByLabelOptions().setExact(true))
  locator resolved to <input type="text" role="button" id="s2id_autogen20" ar…/>
attempting click action
  waiting for element to be visible, enabled and stable
  element is visible, enabled and stable
  scrolling into view if needed
  done scrolling
  <a tabindex="-1" href="javascript:void(0)" class="s…>…</a> intercepts pointer events
retrying click action, attempt #1
  waiting for element to be visible, enabled and stable
  element is visible, enabled and stable
  scrolling into view if needed
  done scrolling
  element is outside of the viewport
retrying click action, attempt #2
  waiting 20ms
  waiting for element to be visible, enabled and stable
  element is visible, enabled and stable
  scrolling into view if needed
  done scrolling
  <a tabindex="-1" href="javascript:void(0)" class="s…>…</a> intercepts pointer events
retrying click action, attempt #3
  waiting 100ms
  waiting for element to be visible, enabled and stable
  element is visible, enabled and stable
  scrolling into view if needed
  done scrolling
  <a tabindex="-1" href="javascript:void(0)" class="s…>…</a> intercepts pointer events
retrying click action, attempt #4
  waiting 100ms
  waiting for element to be visible, enabled and stable
  element is visible, enabled and stable
  scrolling into view if needed
  done scrolling
  <a tabindex="-1" href="javascript:void(0)" class="s…>…</a> intercepts pointer events
retrying click action, attempt #5
  waiting 500ms
  waiting for element to be visible, enabled and stable
  element is visible, enabled and stable
  scrolling into view if needed
  done scrolling
  element is outside of the viewport
retrying click action, attempt #6
  waiting 500ms
  waiting for element to be visible, enabled and stable
  element is visible, enabled and stable
  scrolling into view if needed
  done scrolling
  <a tabindex="-1" href="javascript:void(0)" class="s…>…</a> intercepts pointer events
retrying click action, attempt #7
  waiting 500ms
  waiting for element to be visible, enabled and stable
  element is visible, enabled and stable
  scrolling into view if needed
  done scrolling
  <a tabindex="-1" href="javascript:void(0)" class="s…>…</a> intercepts pointer events
retrying click action, attempt #8
  waiting 500ms
  waiting for element to be visible, enabled and stable
  element is visible, enabled and stable
  scrolling into view if needed
  done scrolling
  <a tabindex="-1" href="javascript:void(0)" class="s…>…</a> intercepts pointer events
retrying click action, attempt #9
  waiting 500ms
  waiting for element to be visible, enabled and stable
  element is visible, enabled and stable
  scrolling into view if needed
  done scrolling
  element is outside of the viewport
retrying click action, attempt #10
  waiting 500ms
  waiting for element to be visible, enabled and stable
  element is visible, enabled and stable
  scrolling into view if needed
  done scrolling
  <a tabindex="-1" href="javascript:void(0)" class="s…>…</a> intercepts pointer events
retrying click action, attempt #11
  waiting 500ms
  waiting for element to be visible, enabled and stable
  element is visible, enabled and stable
  scrolling into view if needed
  done scrolling
  <a tabindex="-1" href="javascript:void(0)" class="s…>…</a> intercepts pointer events
retrying click action, attempt #12
  waiting 500ms
  waiting for element to be visible, enabled and stable
  element is visible, enabled and stable
  scrolling into view if needed
  done scrolling
  <a tabindex="-1" href="javascript:void(0)" class="s…>…</a> intercepts pointer events
retrying click action, attempt #13
  waiting 500ms
  waiting for element to be visible, enabled and stable
  element is visible, enabled and stable
  scrolling into view if needed
  done scrolling
  element is outside of the viewport
retrying click action, attempt #14
  waiting 500ms
  waiting for element to be visible, enabled and stable
  element is visible, enabled and stable
  scrolling into view if needed
  done scrolling
  <a tabindex="-1" href="javascript:void(0)" class="s…>…</a> intercepts pointer events
[...]
  scrolling into view if needed
  done scrolling
  <a tabindex="-1" href="javascript:void(0)" class="s…>…</a> intercepts pointer events
retrying click action, attempt #1
  waiting for element to be visible, enabled and stable
  element is visible, enabled and stable
  scrolling into view if needed
  done scrolling
  element is outside of the viewport
retrying click action, attempt #2
  waiting 20ms
  waiting for element to be visible, enabled and stable
  element is visible, enabled and stable
  scrolling into view if needed
  done scrolling
  <a tabindex="-1" href="javascript:void(0)" class="s…>…</a> intercepts pointer events
retrying click action, attempt #3
  waiting 100ms
  waiting for element to be visible, enabled and stable
  element is visible, enabled and stable
  scrolling into view if needed
  done scrolling
  <a tabindex="-1" href="javascript:void(0)" class="s…>…</a> intercepts pointer events
retrying click action, attempt #4
  waiting 100ms
  waiting for element to be visible, enabled and stable
  element is visible, enabled and stable
  scrolling into view if needed
  done scrolling
  <a tabindex="-1" href="javascript:void(0)" class="s…>…</a> intercepts pointer events
retrying click action, attempt #5
  waiting 500ms
  waiting for element to be visible, enabled and stable
  element is visible, enabled and stable
  scrolling into view if needed
  done scrolling
  element is outside of the viewport
retrying click action, attempt #6
  waiting 500ms
  waiting for element to be visible, enabled and stable
  element is visible, enabled and stable
  scrolling into view if needed
  done scrolling
  <a tabindex="-1" href="javascript:void(0)" class="s…>…</a> intercepts pointer events
retrying click action, attempt #7
  waiting 500ms
  waiting for element to be visible, enabled and stable
  element is visible, enabled and stable
  scrolling into view if needed
  done scrolling
  <a tabindex="-1" href="javascript:void(0)" class="s…>…</a> intercepts pointer events
retrying click action, attempt #8
  waiting 500ms
  waiting for element to be visible, enabled and stable
  element is visible, enabled and stable
  scrolling into view if needed
  done scrolling
  <a tabindex="-1" href="javascript:void(0)" class="s…>…</a> intercepts pointer events
retrying click action, attempt #9
  waiting 500ms
  waiting for element to be visible, enabled and stable
  element is visible, enabled and stable
  scrolling into view if needed
  done scrolling
  element is outside of the viewport
retrying click action, attempt #10
  waiting 500ms
  waiting for element to be visible, enabled and stable
  element is visible, enabled and stable
  scrolling into view if needed
  done scrolling
  <a tabindex="-1" href="javascript:void(0)" class="s…>…</a> intercepts pointer events
retrying click action, attempt #11
  waiting 500ms
  waiting for element to be visible, enabled and stable
  element is visible, enabled and stable
  scrolling into view if needed
  done scrolling
  <a tabindex="-1" href="javascript:void(0)" class="s…>…</a> intercepts pointer events
retrying click action, attempt #12
  waiting 500ms
  waiting for element to be visible, enabled and stable
  element is visible, enabled and stable
  scrolling into view if needed
  done scrolling
  <a tabindex="-1" href="javascript:void(0)" class="s…>…</a> intercepts pointer events
retrying click action, attempt #13
  waiting 500ms
  waiting for element to be visible, enabled and stable
  element is visible, enabled and stable
  scrolling into view if needed
  done scrolling
  element is outside of the viewport
retrying click action, attempt #14
  waiting 500ms
  waiting for element to be visible, enabled and stable
  element is visible, enabled and stable
  scrolling into view if needed
  done scrolling
  <a tabindex="-1" href="javascript:void(0)" class="s…>…</a> intercepts pointer events
retrying click action, attempt #15
  waiting 500ms
  waiting for element to be visible, enabled and stable
  element is visible, enabled and stable
  scrolling into view if needed
  done scrolling
  <a tabindex="-1" href="javascript:void(0)" class="s…>…</a> intercepts pointer events
retrying click action, attempt #16
  waiting 500ms
  waiting for element to be visible, enabled and stable
  element is visible, enabled and stable
  scrolling into view if needed
  done scrolling
  <a tabindex="-1" href="javascript:void(0)" class="s…>…</a> intercepts pointer events
retrying click action, attempt #17
  waiting 500ms
  waiting for element to be visible, enabled and stable
  element is visible, enabled and stable
  scrolling into view if needed
  done scrolling
  element is outside of the viewport
retrying click action, attempt #18
  waiting 500ms
  waiting for element to be visible, enabled and stable
  element is visible, enabled and stable
  scrolling into view if needed
  done scrolling
  <a tabindex="-1" href="javascript:void(0)" class="s…>…</a> intercepts pointer events
retrying click action, attempt #19
  waiting 500ms
  waiting for element to be visible, enabled and stable
  element is visible, enabled and stable
  scrolling into view if needed
  done scrolling
  <a tabindex="-1" href="javascript:void(0)" class="s…>…</a> intercepts pointer events
retrying click action, attempt #20
  waiting 500ms
  waiting for element to be visible, enabled and stable
  element is visible, enabled and stable
  scrolling into view if needed
  done scrolling
  <a tabindex="-1" href="javascript:void(0)" class="s…>…</a> intercepts pointer events
retrying click action, attempt #21
  waiting 500ms
  waiting for element to be visible, enabled and stable
  element is visible, enabled and stable
  scrolling into view if needed
  done scrolling
  element is outside of the viewport
retrying click action, attempt #22
  waiting 500ms
  waiting for element to be visible, enabled and stable
  element is visible, enabled and stable
  scrolling into view if needed
  done scrolling
  <a tabindex="-1" href="javascript:void(0)" class="s…>…</a> intercepts pointer events
retrying click action, attempt #23
  waiting 500ms
  waiting for element to be visible, enabled and stable
  element is visible, enabled and stable
  scrolling into view if needed
  done scrolling
  <a tabindex="-1" href="javascript:void(0)" class="s…>…</a> intercepts pointer events
retrying click action, attempt #24
  waiting 500ms
  waiting for element to be visible, enabled and stable
  element is visible, enabled and stable
  scrolling into view if needed
  done scrolling
  <a tabindex="-1" href="javascript:void(0)" class="s…>…</a> intercepts pointer events
retrying click action, attempt #25
  waiting 500ms
  waiting for element to be visible, enabled and stable
  element is visible, enabled and stable
  scrolling into view if needed
  done scrolling
  element is outside of the viewport
retrying click action, attempt #26
  waiting 500ms
  waiting for element to be visible, enabled and stable
  element is visible, enabled and stable
  scrolling into view if needed
  done scrolling
  <a tabindex="-1" href="javascript:void(0)" class="s…>…</a> intercepts pointer events
retrying click action, attempt #27
  waiting 500ms
  waiting for element to be visible, enabled and stable
  element is visible, enabled and stable
  scrolling into view if needed
  done scrolling
  <a tabindex="-1" href="javascript:void(0)" class="s…>…</a> intercepts pointer events
retrying click action, attempt #28
  waiting 500ms
  waiting for element to be visible, enabled and stable
  element is visible, enabled and stable
  scrolling into view if needed
  done scrolling
  <a tabindex="-1" href="javascript:void(0)" class="s…>…</a> intercepts pointer events
retrying click action, attempt #29
  waiting 500ms
  waiting for element to be visible, enabled and stable
  element is visible, enabled and stable
  scrolling into view if needed
  done scrolling
  element is outside of the viewport
retrying click action, attempt #30
  waiting 500ms
  waiting for element to be visible, enabled and stable
  element is visible, enabled and stable
  scrolling into view if needed
  done scrolling
  <a tabindex="-1" href="javascript:void(0)" class="s…>…</a> intercepts pointer events
retrying click action, attempt #31
  waiting 500ms
  waiting for element to be visible, enabled and stable
  element is visible, enabled and stable
  scrolling into view if needed
  done scrolling
  <a tabindex="-1" href="javascript:void(0)" class="s…>…</a> intercepts pointer events
retrying click action, attempt #32
  waiting 500ms
  waiting for element to be visible, enabled and stable
  element is visible, enabled and stable
  scrolling into view if needed
  done scrolling
  <a tabindex="-1" href="javascript:void(0)" class="s…>…</a> intercepts pointer events
retrying click action, attempt #33
  waiting 500ms
  waiting for element to be visible, enabled and stable
  element is visible, enabled and stable
  scrolling into view if needed
  done scrolling
  element is outside of the viewport
retrying click action, attempt #34
  waiting 500ms
  waiting for element to be visible, enabled and stable
  element is visible, enabled and stable
  scrolling into view if needed
  done scrolling
  <a tabindex="-1" href="javascript:void(0)" class="s…>…</a> intercepts pointer events
retrying click action, attempt #35
  waiting 500ms
  waiting for element to be visible, enabled and stable
  element is visible, enabled and stable
  scrolling into view if needed
  done scrolling
  <a tabindex="-1" href="javascript:void(0)" class="s…>…</a> intercepts pointer events
retrying click action, attempt #36
  waiting 500ms
  waiting for element to be visible, enabled and stable
  element is visible, enabled and stable
  scrolling into view if needed
  done scrolling
  <a tabindex="-1" href="javascript:void(0)" class="s…>…</a> intercepts pointer events
retrying click action, attempt #37
  waiting 500ms
  waiting for element to be visible, enabled and stable
  element is visible, enabled and stable
  scrolling into view if needed
  done scrolling
  element is outside of the viewport
retrying click action, attempt #38
  waiting 500ms
  waiting for element to be visible, enabled and stable
  element is visible, enabled and stable
  scrolling into view if needed
  done scrolling
  <a tabindex="-1" href="javascript:void(0)" class="s…>…</a> intercepts pointer events
retrying click action, attempt #39
  waiting 500ms
  waiting for element to be visible, enabled and stable
  element is visible, enabled and stable
  scrolling into view if needed
  done scrolling
  <a tabindex="-1" href="javascript:void(0)" class="s…>…</a> intercepts pointer events
retrying click action, attempt #40
  waiting 500ms
  waiting for element to be visible, enabled and stable
  element is visible, enabled and stable
  scrolling into view if needed
  done scrolling
  <a tabindex="-1" href="javascript:void(0)" class="s…>…</a> intercepts pointer events
retrying click action, attempt #41
  waiting 500ms
  waiting for element to be visible, enabled and stable
  element is visible, enabled and stable
  scrolling into view if needed
  done scrolling
  element is outside of the viewport
retrying click action, attempt #42
  waiting 500ms
  waiting for element to be visible, enabled and stable
  element is visible, enabled and stable
  scrolling into view if needed
  done scrolling
  <a tabindex="-1" href="javascript:void(0)" class="s…>…</a> intercepts pointer events
retrying click action, attempt #43
  waiting 500ms
  waiting for element to be visible, enabled and stable
  element is visible, enabled and stable
  scrolling into view if needed
  done scrolling
  <a tabindex="-1" href="javascript:void(0)" class="s…>…</a> intercepts pointer events
retrying click action, attempt #44
  waiting 500ms
  waiting for element to be visible, enabled and stable
  element is visible, enabled and stable
  scrolling into view if needed
  done scrolling
  <a tabindex="-1" href="javascript:void(0)" class="s…>…</a> intercepts pointer events
retrying click action, attempt #45
  waiting 500ms
  waiting for element to be visible, enabled and stable
  element is visible, enabled and stable
  scrolling into view if needed
  done scrolling
  element is outside of the viewport
retrying click action, attempt #46
  waiting 500ms
  waiting for element to be visible, enabled and stable
  element is visible, enabled and stable
  scrolling into view if needed
  done scrolling
  <a tabindex="-1" href="javascript:void(0)" class="s…>…</a> intercepts pointer events
retrying click action, attempt #47
  waiting 500ms
  waiting for element to be visible, enabled and stable
  element is visible, enabled and stable
  scrolling into view if needed
  done scrolling
  <a tabindex="-1" href="javascript:void(0)" class="s…>…</a> intercepts pointer events
retrying click action, attempt #48
  waiting 500ms
  waiting for element to be visible, enabled and stable
  element is visible, enabled and stable
  scrolling into view if needed
  done scrolling
  <a tabindex="-1" href="javascript:void(0)" class="s…>…</a> intercepts pointer events
retrying click action, attempt #49
  waiting 500ms
  waiting for element to be visible, enabled and stable
  element is visible, enabled and stable
  scrolling into view if needed
  done scrolling
  element is outside of the viewport
retrying click action, attempt #50
  waiting 500ms
  waiting for element to be visible, enabled and stable
  element is visible, enabled and stable
  scrolling into view if needed
  done scrolling
  <a tabindex="-1" href="javascript:void(0)" class="s…>…</a> intercepts pointer events
retrying click action, attempt #51
  waiting 500ms
  waiting for element to be visible, enabled and stable
  element is visible, enabled and stable
  scrolling into view if needed
  done scrolling
  <a tabindex="-1" href="javascript:void(0)" class="s…>…</a> intercepts pointer events
retrying click action, attempt #52
  waiting 500ms
  waiting for element to be visible, enabled and stable
  element is visible, enabled and stable
  scrolling into view if needed
  done scrolling
  <a tabindex="-1" href="javascript:void(0)" class="s…>…</a> intercepts pointer events
retrying click action, attempt #53
  waiting 500ms
  waiting for element to be visible, enabled and stable
  element is visible, enabled and stable
  scrolling into view if needed
  done scrolling
  element is outside of the viewport
retrying click action, attempt #54
  waiting 500ms
  waiting for element to be visible, enabled and stable
  element is visible, enabled and stable
  scrolling into view if needed
  done scrolling
  <a tabindex="-1" href="javascript:void(0)" class="s…>…</a> intercepts pointer events
retrying click action, attempt #55
  waiting 500ms
  waiting for element to be visible, enabled and stable
  element is visible, enabled and stable
  scrolling into view if needed
  done scrolling
  <a tabindex="-1" href="javascript:void(0)" class="s…>…</a> intercepts pointer events
retrying click action, attempt #56
  waiting 500ms
  waiting for element to be visible, enabled and stable
  element is visible, enabled and stable
  scrolling into view if needed
  done scrolling
  <a tabindex="-1" href="javascript:void(0)" class="s…>…</a> intercepts pointer events
retrying click action, attempt #57
  waiting 500ms
  waiting for element to be visible, enabled and stable
  element is visible, enabled and stable
  scrolling into view if needed
  done scrolling
  element is outside of the viewport
retrying click action, attempt #58
  waiting 500ms
  waiting for element to be visible, enabled and stable
  element is visible, enabled and stable
  scrolling into view if needed
  done scrolling
  <a tabindex="-1" href="javascript:void(0)" class="s…>…</a> intercepts pointer events
retrying click action, attempt #59
  waiting 500ms
  waiting for element to be visible, enabled and stable
  element is visible, enabled and stable
  scrolling into view if needed
  done scrolling
  <a tabindex="-1" href="javascript:void(0)" class="s…>…</a> intercepts pointer events
retrying click action, attempt #60
  waiting 500ms
  waiting for element to be visible, enabled and stable
  element is visible, enabled and stable
  scrolling into view if needed
  done scrolling
  <a tabindex="-1" href="javascript:void(0)" class="s…>…</a> intercepts pointer events
retrying click action, attempt #61
  waiting 500ms
============================================================
    at ProgressController.run (C:\Users\BISWAR~1\AppData\Local\Temp\playwright-java-13073437138497421934\package\lib\server\progress.js:88:26)
    at Frame.click (C:\Users\BISWAR~1\AppData\Local\Temp\playwright-java-13073437138497421934\package\lib\server\frames.js:995:23)
    at FrameDispatcher.click (C:\Users\BISWAR~1\AppData\Local\Temp\playwright-java-13073437138497421934\package\lib\server\dispatchers\frameDispatcher.js:154:30)
    at DispatcherConnection.dispatch (C:\Users\BISWAR~1\AppData\Local\Temp\playwright-java-13073437138497421934\package\lib\server\dispatchers\dispatcher.js:346:46)
}
                    com.microsoft.playwright.impl.Connection.dispatch(Connection.java:224)com.microsoft.playwright.impl.Connection.processOneMessage(Connection.java:206)com.microsoft.playwright.impl.ChannelOwner.runUntil(ChannelOwner.java:118)com.microsoft.playwright.impl.Connection.sendMessage(Connection.java:126)com.microsoft.playwright.impl.ChannelOwner.sendMessage(ChannelOwner.java:106)com.microsoft.playwright.impl.FrameImpl.clickImpl(FrameImpl.java:252)com.microsoft.playwright.impl.FrameImpl.lambda$click$8(FrameImpl.java:243)com.microsoft.playwright.impl.LoggingSupport.lambda$withLogging$0(LoggingSupport.java:36)com.microsoft.playwright.impl.LoggingSupport.withLogging(LoggingSupport.java:47)com.microsoft.playwright.impl.ChannelOwner.withLogging(ChannelOwner.java:89)com.microsoft.playwright.impl.LoggingSupport.withLogging(LoggingSupport.java:35)com.microsoft.playwright.impl.FrameImpl.click(FrameImpl.java:243)com.microsoft.playwright.impl.LocatorImpl.click(LocatorImpl.java:140)com.microsoft.playwright.Locator.click(Locator.java:2348)compare.AutoScrollToFindLocator.autoScroll(AutoScrollToFindLocator.java:16)java.base/jdk.internal.reflect.DirectMethodHandleAccessor.invoke(DirectMethodHandleAccessor.java:104)java.base/java.lang.reflect.Method.invoke(Method.java:578)org.testng.internal.invokers.MethodInvocationHelper.invokeMethod(MethodInvocationHelper.java:139)org.testng.internal.invokers.TestInvoker.invokeMethod(TestInvoker.java:664)org.testng.internal.invokers.TestInvoker.invokeTestMethod(TestInvoker.java:227)org.testng.internal.invokers.MethodRunner.runInSequence(MethodRunner.java:50)org.testng.internal.invokers.TestInvoker$MethodInvocationAgent.invoke(TestInvoker.java:957)org.testng.internal.invokers.TestInvoker.invokeTestMethods(TestInvoker.java:200)org.testng.internal.invokers.TestMethodWorker.invokeTestMethods(TestMethodWorker.java:148)org.testng.internal.invokers.TestMethodWorker.run(TestMethodWorker.java:128)java.base/java.util.ArrayList.forEach(ArrayList.java:1511)org.testng.TestRunner.privateRun(TestRunner.java:848)org.testng.TestRunner.run(TestRunner.java:621)org.testng.SuiteRunner.runTest(SuiteRunner.java:443)org.testng.SuiteRunner.runSequentially(SuiteRunner.java:437)org.testng.SuiteRunner.privateRun(SuiteRunner.java:397)org.testng.SuiteRunner.run(SuiteRunner.java:336)org.testng.SuiteRunnerWorker.runSuite(SuiteRunnerWorker.java:52)org.testng.SuiteRunnerWorker.run(SuiteRunnerWorker.java:95)org.testng.TestNG.runSuitesSequentially(TestNG.java:1280)org.testng.TestNG.runSuitesLocally(TestNG.java:1200)org.testng.TestNG.runSuites(TestNG.java:1114)org.testng.TestNG.run(TestNG.java:1082)com.intellij.rt.testng.IDEARemoteTestNG.run(IDEARemoteTestNG.java:66)com.intellij.rt.testng.RemoteTestNGStarter.main(RemoteTestNGStarter.java:109)
                ]]>
            </failure>
    </testcase>


</testsuite>
